c:\users\big-melon\source\repos\efiboot\x64\debug\vc143.pdb
c:\users\big-melon\source\repos\efiboot\x64\debug\vc143.idb
c:\users\big-melon\source\repos\efiboot\x64\debug\wingetopt.obj
c:\users\big-melon\source\repos\efiboot\x64\debug\efiparser.obj
c:\users\big-melon\source\repos\efiboot\x64\debug\helperfunctions.obj
c:\users\big-melon\source\repos\efiboot\x64\debug\efifunctions.obj
c:\users\big-melon\source\repos\efiboot\x64\debug\diskinfo.obj
c:\users\big-melon\source\repos\efiboot\x64\debug\devicepath.obj
c:\users\big-melon\source\repos\efiboot\x64\debug\stdafx.obj
c:\users\big-melon\source\repos\efiboot\x64\debug\dbg.obj
c:\users\big-melon\source\repos\efiboot\x64\debug\win32uefi.obj
c:\users\big-melon\source\repos\efiboot\x64\debug\efiboot.obj
c:\users\big-melon\source\repos\efiboot\x64\debug\efiboot.lib
c:\users\big-melon\source\repos\efiboot\x64\debug\efiboot.exp
c:\users\big-melon\source\repos\efiboot\x64\debug\efiboot.exe
c:\users\big-melon\source\repos\efiboot\x64\debug\efiboot.ilk
c:\users\big-melon\source\repos\efiboot\x64\debug\efiboot.pdb
c:\users\big-melon\source\repos\efiboot\x64\debug\efiboot.obj.enc
c:\users\big-melon\source\repos\efiboot\x64\debug\efifunctions.obj.enc
c:\users\big-melon\source\repos\efiboot\x64\debug\efiboot.tlog\cl.command.1.tlog
c:\users\big-melon\source\repos\efiboot\x64\debug\efiboot.tlog\cl.read.1.tlog
c:\users\big-melon\source\repos\efiboot\x64\debug\efiboot.tlog\cl.write.1.tlog
c:\users\big-melon\source\repos\efiboot\x64\debug\efiboot.tlog\efiboot.write.1u.tlog
c:\users\big-melon\source\repos\efiboot\x64\debug\efiboot.tlog\link.command.1.tlog
c:\users\big-melon\source\repos\efiboot\x64\debug\efiboot.tlog\link.read.1.tlog
c:\users\big-melon\source\repos\efiboot\x64\debug\efiboot.tlog\link.write.1.tlog
